<?xml version="1.0" encoding="UTF-8"?>
<beans xmlns="http://www.springframework.org/schema/beans"
       xmlns:xsi="http://www.w3.org/2001/XMLSchema-instance"
       xmlns:jpa="http://www.springframework.org/schema/data/jpa"
       xmlns:tx="http://www.springframework.org/schema/tx"
       xsi:schemaLocation="http://www.springframework.org/schema/beans
        http://www.springframework.org/schema/beans/spring-beans-3.0.xsd
        http://www.springframework.org/schema/data/jpa http://www.springframework.org/schema/data/jpa/spring-jpa.xsd
        http://www.springframework.org/schema/tx http://www.springframework.org/schema/tx/spring-tx-4.0.xsd">

    <jpa:repositories base-package="by.fastrentcar.springdata.repository"/>

    <bean id="dataSource" class="com.zaxxer.hikari.HikariDataSource">
        <property name="JdbcUrl"
                  value="jdbc:mysql://localhost:3306/rentacar?logger=com.mysql.cj.log.StandardLogger&amp;profileSQL=true&amp;serverTimezone=UTC"/>
        <property name="driverClassName" value="com.mysql.cj.jdbc.Driver"/>
        <property name="username" value="root"/>
        <property name="password" value="assembler"/>
        <property name="maximumPoolSize" value="20"/>
    </bean>

    <bean id="entityManagerFactory" class="org.springframework.orm.jpa.LocalContainerEntityManagerFactoryBean">
        <property name="dataSource" ref="dataSource"/>
        <property name="packagesToScan" value="by.fastrentcar.springdata.entities"/>
        <property name="jpaVendorAdapter">
            <bean class="org.springframework.orm.jpa.vendor.HibernateJpaVendorAdapter"/>
        </property>
        <property name="jpaProperties">
            <props>
                <prop key="hibernate.enable_lazy_load_no_trans">true</prop>
                <prop key="hibernate.dialect">org.hibernate.dialect.MySQL55Dialect</prop>
                <prop key="hibernate.show_sql">true</prop>
                <prop key="hibernate.format_sql">false</prop>
                <prop key="hibernate.hbm2ddl.auto">create</prop>
            </props>
        </property>
    </bean>
    <bean id="transactionManager" class="org.springframework.orm.jpa.JpaTransactionManager">
        <property name="entityManagerFactory" ref="entityManagerFactory"/>
    </bean>
    <tx:annotation-driven/>
</beans>
